-------------------------------------------------------------------------------
Test set: TestSuite
-------------------------------------------------------------------------------
Tests run: 3, Failures: 1, Errors: 0, Skipped: 0, Time elapsed: 7.13 s <<< FAILURE! - in TestSuite
login_with_invalid_credentials(SeleniumAutomation.TestCases.LoginTest)  Time elapsed: 0.327 s  <<< FAILURE!
java.lang.AssertionError: expected [Epi2c sadface: Username and password do not match any user in this service] but found [Epic sadface: Username and password do not match any user in this service]
	at SeleniumAutomation.TestCases.LoginTest.login_with_invalid_credentials(LoginTest.java:25)

